This file contains any messages produced by compilers while
running configure, to aid debugging if configure makes a mistake.

It was created by test configure 1.0, which was
generated by GNU Autoconf 2.69.  Invocation command line was

  $ ./configure 

## --------- ##
## Platform. ##
## --------- ##

hostname = hl0447
uname -m = x86_64
uname -r = 5.10.16.3-microsoft-standard-WSL2
uname -s = Linux
uname -v = #1 SMP Fri Apr 2 22:23:49 UTC 2021

/usr/bin/uname -p = x86_64
/bin/uname -X     = unknown

/bin/arch              = x86_64
/usr/bin/arch -k       = unknown
/usr/convex/getsysinfo = unknown
/usr/bin/hostinfo      = unknown
/bin/machine           = unknown
/usr/bin/oslevel       = unknown
/bin/universe          = unknown

PATH: /home/gerard/.vscode-server/bin/e2816fe719a4026ffa1ee0189dc89bdfdbafb164/bin/remote-cli
PATH: /usr/local/sbin
PATH: /usr/local/bin
PATH: /usr/sbin
PATH: /usr/bin
PATH: /sbin
PATH: /bin
PATH: /usr/games
PATH: /usr/local/games
PATH: /usr/lib/wsl/lib
PATH: /mnt/c/Windows/system32
PATH: /mnt/c/Windows
PATH: /mnt/c/Windows/System32/Wbem
PATH: /mnt/c/Windows/System32/WindowsPowerShell/v1.0/
PATH: /mnt/c/Windows/System32/OpenSSH/
PATH: /mnt/d/bin/git/bin
PATH: /mnt/f/v911/runtime/win64
PATH: /mnt/d/AStyle_3.1_windows/AStyle/bin
PATH: /mnt/c/Users/hl0447/AppData/Local/Microsoft/WindowsApps
PATH: /mnt/e/ftm_uranus-2022-06-08
PATH: /mnt/d/bin/adbtools/platform-tools
PATH: /mnt/c/Users/hl0447/AppData/Local/Programs/Microsoft VS Code/bin
PATH: /snap/bin


## ----------- ##
## Core tests. ##
## ----------- ##

configure:2044: checking for a BSD-compatible install
configure:2112: result: /usr/bin/install -c
configure:2123: checking whether build environment is sane
configure:2178: result: yes
configure:2327: checking for a thread-safe mkdir -p
configure:2366: result: /usr/bin/mkdir -p
configure:2373: checking for gawk
configure:2389: found /usr/bin/gawk
configure:2400: result: gawk
configure:2411: checking whether make sets $(MAKE)
configure:2433: result: yes
configure:2462: checking whether make supports nested variables
configure:2479: result: yes
configure:2658: checking for gcc
configure:2674: found /usr/bin/gcc
configure:2685: result: gcc
configure:2914: checking for C compiler version
configure:2923: gcc --version >&5
gcc (Ubuntu 9.4.0-1ubuntu1~20.04.1) 9.4.0
Copyright (C) 2019 Free Software Foundation, Inc.
This is free software; see the source for copying conditions.  There is NO
warranty; not even for MERCHANTABILITY or FITNESS FOR A PARTICULAR PURPOSE.

configure:2934: $? = 0
configure:2923: gcc -v >&5
Using built-in specs.
COLLECT_GCC=gcc
COLLECT_LTO_WRAPPER=/usr/lib/gcc/x86_64-linux-gnu/9/lto-wrapper
OFFLOAD_TARGET_NAMES=nvptx-none:hsa
OFFLOAD_TARGET_DEFAULT=1
Target: x86_64-linux-gnu
Configured with: ../src/configure -v --with-pkgversion='Ubuntu 9.4.0-1ubuntu1~20.04.1' --with-bugurl=file:///usr/share/doc/gcc-9/README.Bugs --enable-languages=c,ada,c++,go,brig,d,fortran,objc,obj-c++,gm2 --prefix=/usr --with-gcc-major-version-only --program-suffix=-9 --program-prefix=x86_64-linux-gnu- --enable-shared --enable-linker-build-id --libexecdir=/usr/lib --without-included-gettext --enable-threads=posix --libdir=/usr/lib --enable-nls --enable-clocale=gnu --enable-libstdcxx-debug --enable-libstdcxx-time=yes --with-default-libstdcxx-abi=new --enable-gnu-unique-object --disable-vtable-verify --enable-plugin --enable-default-pie --with-system-zlib --with-target-system-zlib=auto --enable-objc-gc=auto --enable-multiarch --disable-werror --with-arch-32=i686 --with-abi=m64 --with-multilib-list=m32,m64,mx32 --enable-multilib --with-tune=generic --enable-offload-targets=nvptx-none=/build/gcc-9-Av3uEd/gcc-9-9.4.0/debian/tmp-nvptx/usr,hsa --without-cuda-driver --enable-checking=release --build=x86_64-linux-gnu --host=x86_64-linux-gnu --target=x86_64-linux-gnu
Thread model: posix
gcc version 9.4.0 (Ubuntu 9.4.0-1ubuntu1~20.04.1) 
configure:2934: $? = 0
configure:2923: gcc -V >&5
gcc: error: unrecognized command line option '-V'
gcc: fatal error: no input files
compilation terminated.
configure:2934: $? = 1
configure:2923: gcc -qversion >&5
gcc: error: unrecognized command line option '-qversion'; did you mean '--version'?
gcc: fatal error: no input files
compilation terminated.
configure:2934: $? = 1
configure:2954: checking whether the C compiler works
configure:2976: gcc    conftest.c  >&5
configure:2980: $? = 0
configure:3028: result: yes
configure:3031: checking for C compiler default output file name
configure:3033: result: a.out
configure:3039: checking for suffix of executables
configure:3046: gcc -o conftest    conftest.c  >&5
configure:3050: $? = 0
configure:3072: result: 
configure:3094: checking whether we are cross compiling
configure:3102: gcc -o conftest    conftest.c  >&5
configure:3106: $? = 0
configure:3113: ./conftest
configure:3117: $? = 0
configure:3105: result: no
configure:3110: checking for suffix of object files
configure:3132: gcc -c   conftest.c >&5
configure:3136: $? = 0
configure:3157: result: o
configure:3161: checking whether we are using the GNU C compiler
configure:3180: gcc -c   conftest.c >&5
configure:3180: $? = 0
configure:3189: result: yes
configure:3198: checking whether gcc accepts -g
configure:3218: gcc -c -g  conftest.c >&5
configure:3218: $? = 0
configure:3259: result: yes
configure:3276: checking for gcc option to accept ISO C89
configure:3339: gcc  -c -g -O2  conftest.c >&5
configure:3339: $? = 0
configure:3352: result: none needed
configure:3377: checking whether gcc understands -c and -o together
configure:3399: gcc -c conftest.c -o conftest2.o
configure:3402: $? = 0
configure:3399: gcc -c conftest.c -o conftest2.o
configure:3402: $? = 0
configure:3414: result: yes
configure:3434: checking whether make supports the include directive
configure:3449: make -f confmf.GNU && cat confinc.out
this is the am__doit target
configure:3452: $? = 0
configure:3471: result: yes (GNU style)
configure:3496: checking dependency style of gcc
configure:3607: result: gcc3
configure:3634: checking how to run the C preprocessor
configure:3665: gcc -E  conftest.c
configure:3665: $? = 0
configure:3679: gcc -E  conftest.c
conftest.c:11:10: fatal error: ac_nonexistent.h: No such file or directory
   11 | #include <ac_nonexistent.h>
      |          ^~~~~~~~~~~~~~~~~~
compilation terminated.
configure:3679: $? = 1
configure: failed program was:
| /* confdefs.h */
| #define PACKAGE_NAME "test"
| #define PACKAGE_TARNAME "test"
| #define PACKAGE_VERSION "1.0"
| #define PACKAGE_STRING "test 1.0"
| #define PACKAGE_BUGREPORT ""
| #define PACKAGE_URL ""
| #define PACKAGE "test"
| #define VERSION "1.0"
| /* end confdefs.h.  */
| #include <ac_nonexistent.h>
configure:3704: result: gcc -E
configure:3724: gcc -E  conftest.c
configure:3724: $? = 0
configure:3738: gcc -E  conftest.c
conftest.c:11:10: fatal error: ac_nonexistent.h: No such file or directory
   11 | #include <ac_nonexistent.h>
      |          ^~~~~~~~~~~~~~~~~~
compilation terminated.
configure:3738: $? = 1
configure: failed program was:
| /* confdefs.h */
| #define PACKAGE_NAME "test"
| #define PACKAGE_TARNAME "test"
| #define PACKAGE_VERSION "1.0"
| #define PACKAGE_STRING "test 1.0"
| #define PACKAGE_BUGREPORT ""
| #define PACKAGE_URL ""
| #define PACKAGE "test"
| #define VERSION "1.0"
| /* end confdefs.h.  */
| #include <ac_nonexistent.h>
configure:3767: checking for grep that handles long lines and -e
configure:3825: result: /usr/bin/grep
configure:3830: checking for egrep
configure:3892: result: /usr/bin/grep -E
configure:3897: checking for ANSI C header files
configure:3917: gcc -c -g -O2  conftest.c >&5
configure:3917: $? = 0
configure:3990: gcc -o conftest -g -O2   conftest.c  >&5
configure:3990: $? = 0
configure:3990: ./conftest
configure:3990: $? = 0
configure:4001: result: yes
configure:4014: checking for sys/types.h
configure:4014: gcc -c -g -O2  conftest.c >&5
configure:4014: $? = 0
configure:4014: result: yes
configure:4014: checking for sys/stat.h
configure:4014: gcc -c -g -O2  conftest.c >&5
configure:4014: $? = 0
configure:4014: result: yes
configure:4014: checking for stdlib.h
configure:4014: gcc -c -g -O2  conftest.c >&5
configure:4014: $? = 0
configure:4014: result: yes
configure:4014: checking for string.h
configure:4014: gcc -c -g -O2  conftest.c >&5
configure:4014: $? = 0
configure:4014: result: yes
configure:4014: checking for memory.h
configure:4014: gcc -c -g -O2  conftest.c >&5
configure:4014: $? = 0
configure:4014: result: yes
configure:4014: checking for strings.h
configure:4014: gcc -c -g -O2  conftest.c >&5
configure:4014: $? = 0
configure:4014: result: yes
configure:4014: checking for inttypes.h
configure:4014: gcc -c -g -O2  conftest.c >&5
configure:4014: $? = 0
configure:4014: result: yes
configure:4014: checking for stdint.h
configure:4014: gcc -c -g -O2  conftest.c >&5
configure:4014: $? = 0
configure:4014: result: yes
configure:4014: checking for unistd.h
configure:4014: gcc -c -g -O2  conftest.c >&5
configure:4014: $? = 0
configure:4014: result: yes
configure:4026: checking for uint8_t
configure:4026: gcc -c -g -O2  conftest.c >&5
configure:4026: $? = 0
configure:4026: result: yes
configure:4146: checking that generated files are newer than configure
configure:4152: result: done
configure:4175: creating ./config.status

## ---------------------- ##
## Running config.status. ##
## ---------------------- ##

This file was extended by test config.status 1.0, which was
generated by GNU Autoconf 2.69.  Invocation command line was

  CONFIG_FILES    = 
  CONFIG_HEADERS  = 
  CONFIG_LINKS    = 
  CONFIG_COMMANDS = 
  $ ./config.status 

on hl0447

config.status:849: creating Makefile
config.status:849: creating config.h
config.status:1078: executing depfiles commands
config.status:1155: cd .       && sed -e '/# am--include-marker/d' Makefile         | make -f - am--depfiles
config.status:1160: $? = 0

## ---------------- ##
## Cache variables. ##
## ---------------- ##

ac_cv_c_compiler_gnu=yes
ac_cv_c_uint8_t=yes
ac_cv_env_CC_set=
ac_cv_env_CC_value=
ac_cv_env_CFLAGS_set=
ac_cv_env_CFLAGS_value=
ac_cv_env_CPPFLAGS_set=
ac_cv_env_CPPFLAGS_value=
ac_cv_env_CPP_set=
ac_cv_env_CPP_value=
ac_cv_env_LDFLAGS_set=
ac_cv_env_LDFLAGS_value=
ac_cv_env_LIBS_set=
ac_cv_env_LIBS_value=
ac_cv_env_build_alias_set=
ac_cv_env_build_alias_value=
ac_cv_env_host_alias_set=
ac_cv_env_host_alias_value=
ac_cv_env_target_alias_set=
ac_cv_env_target_alias_value=
ac_cv_header_inttypes_h=yes
ac_cv_header_memory_h=yes
ac_cv_header_stdc=yes
ac_cv_header_stdint_h=yes
ac_cv_header_stdlib_h=yes
ac_cv_header_string_h=yes
ac_cv_header_strings_h=yes
ac_cv_header_sys_stat_h=yes
ac_cv_header_sys_types_h=yes
ac_cv_header_unistd_h=yes
ac_cv_objext=o
ac_cv_path_EGREP='/usr/bin/grep -E'
ac_cv_path_GREP=/usr/bin/grep
ac_cv_path_install='/usr/bin/install -c'
ac_cv_path_mkdir=/usr/bin/mkdir
ac_cv_prog_AWK=gawk
ac_cv_prog_CPP='gcc -E'
ac_cv_prog_ac_ct_CC=gcc
ac_cv_prog_cc_c89=
ac_cv_prog_cc_g=yes
ac_cv_prog_make_make_set=yes
am_cv_CC_dependencies_compiler_type=gcc3
am_cv_make_support_nested_variables=yes
am_cv_prog_cc_c_o=yes

## ----------------- ##
## Output variables. ##
## ----------------- ##

ACLOCAL='${SHELL} /mnt/g/Gerard-Project2023/Makefile-tool/missing aclocal-1.16'
AMDEPBACKSLASH='\'
AMDEP_FALSE='#'
AMDEP_TRUE=''
AMTAR='$${TAR-tar}'
AM_BACKSLASH='\'
AM_DEFAULT_V='$(AM_DEFAULT_VERBOSITY)'
AM_DEFAULT_VERBOSITY='1'
AM_V='$(V)'
AUTOCONF='${SHELL} /mnt/g/Gerard-Project2023/Makefile-tool/missing autoconf'
AUTOHEADER='${SHELL} /mnt/g/Gerard-Project2023/Makefile-tool/missing autoheader'
AUTOMAKE='${SHELL} /mnt/g/Gerard-Project2023/Makefile-tool/missing automake-1.16'
AWK='gawk'
CC='gcc'
CCDEPMODE='depmode=gcc3'
CFLAGS='-g -O2'
CPP='gcc -E'
CPPFLAGS=''
CYGPATH_W='echo'
DEFS='-DHAVE_CONFIG_H'
DEPDIR='.deps'
ECHO_C=''
ECHO_N='-n'
ECHO_T=''
EGREP='/usr/bin/grep -E'
EXEEXT=''
GREP='/usr/bin/grep'
INSTALL_DATA='${INSTALL} -m 644'
INSTALL_PROGRAM='${INSTALL}'
INSTALL_SCRIPT='${INSTALL}'
INSTALL_STRIP_PROGRAM='$(install_sh) -c -s'
LDFLAGS=''
LIBOBJS=''
LIBS=''
LTLIBOBJS=''
MAKEINFO='${SHELL} /mnt/g/Gerard-Project2023/Makefile-tool/missing makeinfo'
MKDIR_P='/usr/bin/mkdir -p'
OBJEXT='o'
PACKAGE='test'
PACKAGE_BUGREPORT=''
PACKAGE_NAME='test'
PACKAGE_STRING='test 1.0'
PACKAGE_TARNAME='test'
PACKAGE_URL=''
PACKAGE_VERSION='1.0'
PATH_SEPARATOR=':'
SET_MAKE=''
SHELL='/bin/bash'
STRIP=''
VERSION='1.0'
ac_ct_CC='gcc'
am__EXEEXT_FALSE=''
am__EXEEXT_TRUE='#'
am__fastdepCC_FALSE='#'
am__fastdepCC_TRUE=''
am__include='include'
am__isrc=''
am__leading_dot='.'
am__nodep='_no'
am__quote=''
am__tar='$${TAR-tar} chof - "$$tardir"'
am__untar='$${TAR-tar} xf -'
bindir='${exec_prefix}/bin'
build_alias=''
datadir='${datarootdir}'
datarootdir='${prefix}/share'
docdir='${datarootdir}/doc/${PACKAGE_TARNAME}'
dvidir='${docdir}'
exec_prefix='${prefix}'
host_alias=''
htmldir='${docdir}'
includedir='${prefix}/include'
infodir='${datarootdir}/info'
install_sh='${SHELL} /mnt/g/Gerard-Project2023/Makefile-tool/install-sh'
libdir='${exec_prefix}/lib'
libexecdir='${exec_prefix}/libexec'
localedir='${datarootdir}/locale'
localstatedir='${prefix}/var'
mandir='${datarootdir}/man'
mkdir_p='$(MKDIR_P)'
oldincludedir='/usr/include'
pdfdir='${docdir}'
prefix='/usr/local'
program_transform_name='s,x,x,'
psdir='${docdir}'
runstatedir='${localstatedir}/run'
sbindir='${exec_prefix}/sbin'
sharedstatedir='${prefix}/com'
sysconfdir='${prefix}/etc'
target_alias=''

## ----------- ##
## confdefs.h. ##
## ----------- ##

/* confdefs.h */
#define PACKAGE_NAME "test"
#define PACKAGE_TARNAME "test"
#define PACKAGE_VERSION "1.0"
#define PACKAGE_STRING "test 1.0"
#define PACKAGE_BUGREPORT ""
#define PACKAGE_URL ""
#define PACKAGE "test"
#define VERSION "1.0"
#define STDC_HEADERS 1
#define HAVE_SYS_TYPES_H 1
#define HAVE_SYS_STAT_H 1
#define HAVE_STDLIB_H 1
#define HAVE_STRING_H 1
#define HAVE_MEMORY_H 1
#define HAVE_STRINGS_H 1
#define HAVE_INTTYPES_H 1
#define HAVE_STDINT_H 1
#define HAVE_UNISTD_H 1

configure: exit 0
